<?xml version="1.0" encoding="UTF-8"?>
<!-- Generated by org.testng.reporters.JUnitReportReporter -->
<testsuite hostname="DESKTOP-A1H1JSG" failures="0" tests="1" name="Testscripts.TC2" time="18.300" errors="0" timestamp="2023-08-08T16:10:49 IST" skipped="0">
  <testcase classname="Testscripts.TC2" name="Tc2" time="18.300"/>
  <system-out/>
</testsuite> <!-- Testscripts.TC2 -->
